<?xml version="1.0" encoding="UTF-8"?>
<testng-results skipped="0" failed="0" total="1" passed="1">
  <reporter-output>
  </reporter-output>
  <suite name="Default suite" duration-ms="32344" started-at="2016-11-28T07:47:02Z" finished-at="2016-11-28T07:47:35Z">
    <groups>
    </groups>
    <test name="Default test" duration-ms="32344" started-at="2016-11-28T07:47:02Z" finished-at="2016-11-28T07:47:35Z">
      <class name="formreleaf.gittest.NewTest">
        <test-method status="PASS" signature="beforeTest()[pri:0, instance:formreleaf.gittest.NewTest@77caeb3e]" name="beforeTest" is-config="true" duration-ms="3682" started-at="2016-11-28T13:47:02Z" finished-at="2016-11-28T13:47:06Z">
          <reporter-output>
          </reporter-output>
        </test-method> <!-- beforeTest -->
        <test-method status="PASS" signature="testEasy()[pri:1, instance:formreleaf.gittest.NewTest@77caeb3e]" name="testEasy" duration-ms="27957" started-at="2016-11-28T13:47:06Z" description="This is check for webpage title" finished-at="2016-11-28T13:47:34Z">
          <reporter-output>
          </reporter-output>
        </test-method> <!-- testEasy -->
        <test-method status="PASS" signature="afterTest()[pri:0, instance:formreleaf.gittest.NewTest@77caeb3e]" name="afterTest" is-config="true" duration-ms="683" started-at="2016-11-28T13:47:34Z" finished-at="2016-11-28T13:47:35Z">
          <reporter-output>
          </reporter-output>
        </test-method> <!-- afterTest -->
      </class> <!-- formreleaf.gittest.NewTest -->
    </test> <!-- Default test -->
  </suite> <!-- Default suite -->
</testng-results>
